TN:
SF:src/App.tsx
FN:16,App
FNF:1
FNH:0
FNDA:0,App
LF:0
LH:0
BRDA:38,0,0,0
BRF:1
BRH:0
end_of_record
TN:
SF:src/index.tsx
FNF:0
FNH:0
DA:5,0
LF:1
LH:0
BRF:0
BRH:0
end_of_record
TN:
SF:src/components/navbar.tsx
FN:5,Navbar
FNF:1
FNH:0
FNDA:0,Navbar
DA:6,0
LF:1
LH:0
BRDA:40,0,0,0
BRF:1
BRH:0
end_of_record
TN:
SF:src/components/sidebar.tsx
FN:34,Sidebar
FN:46,(anonymous_1)
FNF:2
FNH:0
FNDA:0,Sidebar
FNDA:0,(anonymous_1)
DA:6,0
DA:35,0
DA:36,0
DA:47,0
LF:4
LH:0
BRDA:50,0,0,0
BRDA:50,0,1,0
BRDA:51,1,0,0
BRDA:51,1,1,0
BRDA:63,2,0,0
BRDA:63,2,1,0
BRF:6
BRH:0
end_of_record
TN:
SF:src/components/ui/button.tsx
FN:40,(anonymous_6)
FNF:1
FNH:1
FNDA:3,(anonymous_6)
DA:1,1
DA:2,1
DA:3,1
DA:5,1
DA:7,1
DA:39,1
DA:41,3
DA:47,1
DA:49,3
LF:9
LH:9
BRDA:40,0,0,3
BRDA:41,1,0,0
BRDA:41,1,1,3
BRF:3
BRH:2
end_of_record
TN:
SF:src/components/ui/dialog.tsx
FN:107,(anonymous_7)
FN:111,DialogProvider
FN:128,(anonymous_9)
FNF:3
FNH:0
FNDA:0,(anonymous_7)
FNDA:0,DialogProvider
FNDA:0,(anonymous_9)
DA:7,0
DA:9,0
DA:21,0
DA:36,0
DA:60,0
DA:65,0
DA:73,0
DA:85,0
DA:97,0
DA:99,0
DA:102,0
DA:112,0
DA:128,0
DA:129,0
DA:130,0
DA:131,0
DA:133,0
LF:17
LH:0
BRDA:130,0,0,0
BRF:1
BRH:0
end_of_record
TN:
SF:src/components/ui/toaster.tsx
FN:44,(anonymous_1)
FN:123,Toaster
FNF:2
FNH:0
FNDA:0,(anonymous_1)
FNDA:0,Toaster
DA:8,0
DA:23,0
DA:25,0
DA:41,0
DA:53,0
DA:68,0
DA:86,0
DA:94,0
DA:106,0
LF:9
LH:0
BRF:0
BRH:0
end_of_record
TN:
SF:src/components/ui/tooltip.tsx
FNF:0
FNH:0
DA:6,0
DA:8,0
DA:10,0
DA:26,0
LF:4
LH:0
BRDA:15,0,0,0
BRF:1
BRH:0
end_of_record
TN:
SF:src/contexts/theme-context.tsx
FN:22,(anonymous_0)
FN:23,(anonymous_1)
FN:29,ThemeProvider
FN:36,(anonymous_3)
FN:43,(anonymous_4)
FN:44,(anonymous_5)
FN:55,(anonymous_6)
FN:73,(anonymous_7)
FN:88,(anonymous_8)
FNF:9
FNH:0
FNDA:0,(anonymous_0)
FNDA:0,(anonymous_1)
FNDA:0,ThemeProvider
FNDA:0,(anonymous_3)
FNDA:0,(anonymous_4)
FNDA:0,(anonymous_5)
FNDA:0,(anonymous_6)
FNDA:0,(anonymous_7)
FNDA:0,(anonymous_8)
DA:20,0
DA:22,0
DA:27,0
DA:35,0
DA:36,0
DA:40,0
DA:43,0
DA:44,0
DA:45,0
DA:46,0
DA:49,0
DA:51,0
DA:55,0
DA:56,0
DA:57,0
DA:59,0
DA:60,0
DA:64,0
DA:65,0
DA:68,0
DA:71,0
DA:74,0
DA:75,0
DA:88,0
DA:89,0
DA:91,0
DA:93,0
LF:27
LH:0
BRDA:31,0,0,0
BRDA:32,1,0,0
BRDA:36,2,0,0
BRDA:36,2,1,0
BRDA:40,3,0,0
BRDA:40,3,1,0
BRDA:40,3,2,0
BRDA:45,4,0,0
BRDA:46,5,0,0
BRDA:46,5,1,0
BRDA:51,6,0,0
BRDA:51,6,1,0
BRDA:59,7,0,0
BRDA:60,8,0,0
BRDA:60,8,1,0
BRDA:91,9,0,0
BRF:16
BRH:0
end_of_record
TN:
SF:src/layouts/auth-layout.tsx
FN:4,AuthLayout
FNF:1
FNH:0
FNDA:0,AuthLayout
LF:0
LH:0
BRF:0
BRH:0
end_of_record
TN:
SF:src/layouts/dashboard-layout.tsx
FN:5,DashboardLayout
FNF:1
FNH:0
FNDA:0,DashboardLayout
LF:0
LH:0
BRF:0
BRH:0
end_of_record
TN:
SF:src/layouts/main-layout.tsx
FN:5,MainLayout
FNF:1
FNH:0
FNDA:0,MainLayout
LF:0
LH:0
BRF:0
BRH:0
end_of_record
TN:
SF:src/lib/react-query.ts
FN:12,(anonymous_0)
FN:18,(anonymous_1)
FNF:2
FNH:0
FNDA:0,(anonymous_0)
FNDA:0,(anonymous_1)
DA:5,0
DA:13,0
DA:14,0
DA:19,0
DA:20,0
DA:27,0
LF:6
LH:0
BRDA:13,0,0,0
BRDA:13,0,1,0
BRDA:13,1,0,0
BRDA:13,1,1,0
BRDA:13,2,0,0
BRDA:13,2,1,0
BRDA:13,3,0,0
BRDA:13,3,1,0
BRDA:13,4,0,0
BRDA:13,4,1,0
BRDA:19,5,0,0
BRDA:19,5,1,0
BRDA:19,6,0,0
BRDA:19,6,1,0
BRDA:19,7,0,0
BRDA:19,7,1,0
BRDA:19,8,0,0
BRDA:19,8,1,0
BRDA:19,9,0,0
BRDA:19,9,1,0
BRF:20
BRH:0
end_of_record
TN:
SF:src/lib/utils.ts
FN:7,cn
FN:14,formatDate
FN:27,formatCurrency
FN:37,truncate
FN:45,generateId
FN:52,isValidEmail
FN:59,sleep
FN:60,(anonymous_33)
FN:66,getInitials
FN:69,(anonymous_35)
FN:78,objectToQueryString
FN:81,(anonymous_37)
FN:93,queryStringToObject
FN:107,downloadFile
FN:122,copyToClipboard
FN:135,getRandomColor
FN:152,formatBytes
FN:167,formatPercentage
FN:178,sortBy
FN:179,(anonymous_45)
FN:193,filterBySearch
FN:198,(anonymous_47)
FN:199,(anonymous_48)
FN:209,groupBy
FN:210,(anonymous_50)
FN:222,removeNullValues
FN:223,(anonymous_52)
FN:234,range
FN:235,(anonymous_54)
FN:241,capitalize
FN:248,stringToHash
FN:265,getRandomHexColor
FN:274,isEmptyObject
FN:281,objectToFormData
FN:284,(anonymous_60)
FN:289,(anonymous_61)
FNF:36
FNH:1
FNDA:3,cn
FNDA:0,formatDate
FNDA:0,formatCurrency
FNDA:0,truncate
FNDA:0,generateId
FNDA:0,isValidEmail
FNDA:0,sleep
FNDA:0,(anonymous_33)
FNDA:0,getInitials
FNDA:0,(anonymous_35)
FNDA:0,objectToQueryString
FNDA:0,(anonymous_37)
FNDA:0,queryStringToObject
FNDA:0,downloadFile
FNDA:0,copyToClipboard
FNDA:0,getRandomColor
FNDA:0,formatBytes
FNDA:0,formatPercentage
FNDA:0,sortBy
FNDA:0,(anonymous_45)
FNDA:0,filterBySearch
FNDA:0,(anonymous_47)
FNDA:0,(anonymous_48)
FNDA:0,groupBy
FNDA:0,(anonymous_50)
FNDA:0,removeNullValues
FNDA:0,(anonymous_52)
FNDA:0,range
FNDA:0,(anonymous_54)
FNDA:0,capitalize
FNDA:0,stringToHash
FNDA:0,getRandomHexColor
FNDA:0,isEmptyObject
FNDA:0,objectToFormData
FNDA:0,(anonymous_60)
FNDA:0,(anonymous_61)
DA:1,1
DA:2,1
DA:7,3
DA:8,3
DA:14,0
DA:15,0
DA:27,0
DA:28,0
DA:37,0
DA:38,0
DA:39,0
DA:45,0
DA:46,0
DA:52,0
DA:53,0
DA:59,0
DA:60,0
DA:66,0
DA:67,0
DA:69,0
DA:78,0
DA:79,0
DA:81,0
DA:82,0
DA:83,0
DA:87,0
DA:93,0
DA:94,0
DA:95,0
DA:97,0
DA:98,0
DA:101,0
DA:107,0
DA:108,0
DA:109,0
DA:110,0
DA:111,0
DA:112,0
DA:113,0
DA:114,0
DA:115,0
DA:116,0
DA:122,0
DA:123,0
DA:124,0
DA:125,0
DA:127,0
DA:128,0
DA:135,0
DA:136,0
DA:146,0
DA:152,0
DA:153,0
DA:155,0
DA:156,0
DA:157,0
DA:159,0
DA:161,0
DA:167,0
DA:168,0
DA:178,0
DA:179,0
DA:180,0
DA:181,0
DA:183,0
DA:185,0
DA:186,0
DA:193,0
DA:194,0
DA:196,0
DA:198,0
DA:199,0
DA:200,0
DA:201,0
DA:209,0
DA:210,0
DA:211,0
DA:212,0
DA:213,0
DA:214,0
DA:215,0
DA:222,0
DA:223,0
DA:224,0
DA:225,0
DA:227,0
DA:234,0
DA:235,0
DA:241,0
DA:242,0
DA:248,0
DA:249,0
DA:251,0
DA:253,0
DA:254,0
DA:255,0
DA:256,0
DA:259,0
DA:265,0
DA:266,0
DA:274,0
DA:275,0
DA:281,0
DA:282,0
DA:284,0
DA:285,0
DA:286,0
DA:287,0
DA:288,0
DA:289,0
DA:290,0
DA:292,0
DA:293,0
DA:295,0
DA:300,0
LF:115
LH:4
BRDA:27,0,0,0
BRDA:38,1,0,0
BRDA:38,2,0,0
BRDA:38,2,1,0
BRDA:82,3,0,0
BRDA:82,4,0,0
BRDA:82,4,1,0
BRDA:152,5,0,0
BRDA:153,6,0,0
BRDA:156,7,0,0
BRDA:156,7,1,0
BRDA:167,8,0,0
BRDA:178,9,0,0
BRDA:183,10,0,0
BRDA:185,11,0,0
BRDA:185,11,1,0
BRDA:186,12,0,0
BRDA:186,12,1,0
BRDA:194,13,0,0
BRDA:201,14,0,0
BRDA:201,14,1,0
BRDA:212,15,0,0
BRDA:212,15,1,0
BRDA:224,16,0,0
BRDA:224,17,0,0
BRDA:224,17,1,0
BRDA:251,18,0,0
BRDA:285,19,0,0
BRDA:285,20,0,0
BRDA:285,20,1,0
BRDA:286,21,0,0
BRDA:286,21,1,0
BRDA:288,22,0,0
BRDA:288,22,1,0
BRDA:292,23,0,0
BRDA:292,23,1,0
BRF:36
BRH:0
end_of_record
TN:
SF:src/routes/index.tsx
FN:6,(anonymous_0)
FN:7,(anonymous_1)
FN:8,(anonymous_2)
FN:11,(anonymous_3)
FN:12,(anonymous_4)
FN:13,(anonymous_5)
FN:14,(anonymous_6)
FN:17,(anonymous_7)
FN:18,(anonymous_8)
FN:19,(anonymous_9)
FN:20,(anonymous_10)
FN:21,(anonymous_11)
FN:24,(anonymous_12)
FN:25,(anonymous_13)
FN:26,(anonymous_14)
FN:27,(anonymous_15)
FN:28,(anonymous_16)
FN:29,(anonymous_17)
FN:30,(anonymous_18)
FN:33,(anonymous_19)
FN:34,(anonymous_20)
FN:35,(anonymous_21)
FN:36,(anonymous_22)
FN:37,(anonymous_23)
FN:38,(anonymous_24)
FN:39,(anonymous_25)
FN:56,(anonymous_28)
FN:68,(anonymous_29)
FNF:28
FNH:0
FNDA:0,(anonymous_0)
FNDA:0,(anonymous_1)
FNDA:0,(anonymous_2)
FNDA:0,(anonymous_3)
FNDA:0,(anonymous_4)
FNDA:0,(anonymous_5)
FNDA:0,(anonymous_6)
FNDA:0,(anonymous_7)
FNDA:0,(anonymous_8)
FNDA:0,(anonymous_9)
FNDA:0,(anonymous_10)
FNDA:0,(anonymous_11)
FNDA:0,(anonymous_12)
FNDA:0,(anonymous_13)
FNDA:0,(anonymous_14)
FNDA:0,(anonymous_15)
FNDA:0,(anonymous_16)
FNDA:0,(anonymous_17)
FNDA:0,(anonymous_18)
FNDA:0,(anonymous_19)
FNDA:0,(anonymous_20)
FNDA:0,(anonymous_21)
FNDA:0,(anonymous_22)
FNDA:0,(anonymous_23)
FNDA:0,(anonymous_24)
FNDA:0,(anonymous_25)
FNDA:0,(anonymous_28)
FNDA:0,(anonymous_29)
DA:6,0
DA:7,0
DA:8,0
DA:11,0
DA:12,0
DA:13,0
DA:14,0
DA:17,0
DA:18,0
DA:19,0
DA:20,0
DA:21,0
DA:24,0
DA:25,0
DA:26,0
DA:27,0
DA:28,0
DA:29,0
DA:30,0
DA:33,0
DA:34,0
DA:35,0
DA:36,0
DA:37,0
DA:38,0
DA:39,0
DA:56,0
DA:58,0
DA:60,0
DA:68,0
DA:70,0
DA:72,0
DA:80,0
LF:33
LH:0
BRDA:60,0,0,0
BRDA:72,1,0,0
BRF:2
BRH:0
end_of_record
